{
  "RSpec": {
    "coverage": {
      "/home/vishal/workspace/web_scraper/config/environment.rb": [
        null,
        1,
        null,
        null,
        1
      ],
      "/home/vishal/workspace/web_scraper/config/application.rb": [
        1,
        null,
        1,
        null,
        1,
        1,
        1,
        1,
        1,
        1,
        1,
        1,
        null,
        1,
        null,
        null,
        null,
        1,
        null,
        1,
        1,
        null,
        1,
        null,
        null,
        null,
        null,
        null,
        null,
        null,
        null,
        null,
        1,
        1,
        null,
        null,
        1,
        1,
        1,
        1,
        null,
        null,
        null
      ],
      "/home/vishal/workspace/web_scraper/config/boot.rb": [
        1,
        null,
        1,
        1
      ],
      "/home/vishal/workspace/web_scraper/config/environments/test.rb": [
        1,
        null,
        null,
        null,
        null,
        null,
        null,
        1,
        null,
        null,
        null,
        null,
        1,
        null,
        null,
        1,
        1,
        null,
        null,
        null,
        null,
        1,
        1,
        null,
        null,
        1,
        null,
        null,
        1,
        null,
        null,
        1,
        null,
        1,
        null,
        null,
        null,
        null,
        1,
        null,
        null,
        1,
        null,
        null,
        null,
        null
      ],
      "/home/vishal/workspace/web_scraper/config/initializers/application_controller_renderer.rb": [
        null,
        null,
        null,
        null,
        null,
        null,
        null,
        null
      ],
      "/home/vishal/workspace/web_scraper/config/initializers/backtrace_silencers.rb": [
        null,
        null,
        null,
        null,
        null,
        null,
        null
      ],
      "/home/vishal/workspace/web_scraper/config/initializers/cors.rb": [
        null,
        null,
        null,
        null,
        null,
        null,
        null,
        1,
        1,
        1,
        null,
        1,
        null,
        null,
        null,
        null
      ],
      "/home/vishal/workspace/web_scraper/config/initializers/filter_parameter_logging.rb": [
        null,
        null,
        null,
        1
      ],
      "/home/vishal/workspace/web_scraper/config/initializers/inflections.rb": [
        null,
        null,
        null,
        null,
        null,
        null,
        null,
        null,
        null,
        null,
        null,
        null,
        null,
        null,
        null,
        null
      ],
      "/home/vishal/workspace/web_scraper/config/initializers/jsonapi_resources.rb": [
        1,
        null,
        1,
        1,
        1,
        null,
        null,
        1,
        null
      ],
      "/home/vishal/workspace/web_scraper/config/initializers/mime_types.rb": [
        null,
        null,
        null,
        null,
        null,
        1
      ],
      "/home/vishal/workspace/web_scraper/config/initializers/wrap_parameters.rb": [
        null,
        null,
        null,
        null,
        null,
        null,
        1,
        2,
        null,
        null,
        null,
        null,
        null,
        null
      ],
      "/home/vishal/workspace/web_scraper/spec/factories/content.rb": [
        1,
        1,
        1,
        1,
        1,
        null,
        null
      ],
      "/home/vishal/workspace/web_scraper/spec/factories/page.rb": [
        1,
        1,
        1,
        null,
        null
      ],
      "/home/vishal/workspace/web_scraper/config/routes.rb": [
        1,
        null,
        1,
        1,
        1,
        null,
        null,
        null
      ],
      "/home/vishal/workspace/web_scraper/spec/support/request_helpers.rb": [
        1,
        1,
        1,
        4,
        null,
        null,
        null
      ],
      "/home/vishal/workspace/web_scraper/spec/support/factory_bot.rb": [
        1,
        1,
        null
      ],
      "/home/vishal/workspace/web_scraper/spec/controllers/api/v1/pages_controller_spec.rb": [
        1,
        null,
        1,
        1,
        6,
        null,
        null,
        1,
        1,
        4,
        null,
        null,
        1,
        1,
        null,
        null,
        1,
        null,
        1,
        null,
        null,
        1,
        null,
        1,
        null,
        null,
        1,
        null,
        1,
        null,
        null,
        null,
        1,
        1,
        2,
        2,
        2,
        null,
        null,
        1,
        1,
        null,
        null,
        1,
        1,
        null,
        null,
        null
      ],
      "/home/vishal/workspace/web_scraper/app/controllers/api/v1/pages_controller.rb": [
        1,
        1,
        1,
        null,
        null,
        null
      ],
      "/home/vishal/workspace/web_scraper/app/controllers/api/v1/api_controller.rb": [
        1,
        1,
        1,
        1,
        null,
        null,
        null
      ],
      "/home/vishal/workspace/web_scraper/app/controllers/application_controller.rb": [
        1,
        null
      ],
      "/home/vishal/workspace/web_scraper/spec/models/content_spec.rb": [
        1,
        null,
        1,
        1,
        1,
        1,
        1,
        null,
        null,
        null
      ],
      "/home/vishal/workspace/web_scraper/app/models/content.rb": [
        1,
        1,
        null
      ],
      "/home/vishal/workspace/web_scraper/app/models/application_record.rb": [
        1,
        1,
        null
      ],
      "/home/vishal/workspace/web_scraper/spec/models/page_spec.rb": [
        1,
        1,
        null,
        1,
        1,
        4,
        null,
        1,
        1,
        1,
        null,
        null,
        1,
        1,
        null,
        null,
        1,
        1,
        1,
        null,
        null,
        null,
        1,
        1,
        1,
        1,
        null,
        null,
        null,
        1,
        1,
        3,
        3,
        null,
        null,
        1,
        1,
        null,
        null,
        1,
        1,
        null,
        null,
        1,
        1,
        1,
        1,
        null,
        null,
        null
      ],
      "/home/vishal/workspace/web_scraper/app/models/page.rb": [
        1,
        1,
        1,
        null,
        1,
        1,
        null,
        1,
        25,
        null,
        null,
        1,
        null,
        1,
        25,
        null,
        null
      ],
      "/home/vishal/workspace/web_scraper/app/validators/url_validator.rb": [
        1,
        1,
        null,
        1,
        1,
        27,
        26,
        26,
        26,
        null,
        0,
        null,
        0,
        null,
        null,
        26,
        null,
        null
      ],
      "/home/vishal/workspace/web_scraper/spec/resources/api/v1/content_resource_spec.rb": [
        1,
        1,
        6,
        6,
        null,
        2,
        2,
        2,
        2,
        2,
        null
      ],
      "/home/vishal/workspace/web_scraper/app/resources/api/v1/content_resource.rb": [
        1,
        1,
        1,
        1,
        null,
        1,
        1,
        null,
        1,
        null,
        null,
        null
      ],
      "/home/vishal/workspace/web_scraper/spec/resources/api/v1/page_resource_spec.rb": [
        1,
        7,
        7,
        null,
        2,
        2,
        2,
        2,
        2,
        2,
        null
      ],
      "/home/vishal/workspace/web_scraper/app/resources/api/v1/page_resource.rb": [
        1,
        1,
        1,
        1,
        null,
        1,
        null,
        1,
        null,
        null,
        null,
        1,
        12,
        null,
        null,
        1,
        1,
        null,
        null,
        null
      ],
      "/home/vishal/workspace/web_scraper/spec/validators/url_validator_spec.rb": [
        1,
        null,
        1,
        1,
        1,
        null,
        1,
        null,
        null,
        null,
        1,
        3,
        null,
        2,
        null,
        1,
        1,
        1,
        1,
        null,
        null
      ],
      "/home/vishal/workspace/web_scraper/app/services/web_parser.rb": [
        1,
        1,
        null,
        1,
        1,
        null,
        7,
        null,
        1,
        22,
        22,
        null,
        null,
        1,
        25,
        25,
        25,
        null,
        null,
        1,
        25,
        25,
        25,
        null,
        null,
        1,
        null,
        1,
        25,
        null,
        null,
        1,
        25,
        282,
        null,
        null,
        null,
        1,
        25,
        543,
        null,
        null,
        null,
        1,
        75,
        null,
        null
      ]
    },
    "timestamp": 1527259903
  }
}
