{
  "RSpec": {
    "coverage": {
      "/home/vishal/workspace/web_scraper/config/environment.rb": [
        null,
        1,
        null,
        null,
        1
      ],
      "/home/vishal/workspace/web_scraper/config/application.rb": [
        1,
        null,
        1,
        null,
        1,
        1,
        1,
        1,
        1,
        1,
        1,
        1,
        null,
        1,
        null,
        null,
        null,
        1,
        null,
        1,
        1,
        null,
        1,
        null,
        null,
        null,
        null,
        null,
        null,
        null,
        null,
        null,
        1,
        1,
        null,
        null,
        1,
        1,
        1,
        1,
        null,
        null,
        null
      ],
      "/home/vishal/workspace/web_scraper/config/boot.rb": [
        1,
        null,
        1,
        1
      ],
      "/home/vishal/workspace/web_scraper/config/environments/test.rb": [
        1,
        null,
        null,
        null,
        null,
        null,
        null,
        1,
        null,
        null,
        null,
        null,
        1,
        null,
        null,
        1,
        1,
        null,
        null,
        null,
        null,
        1,
        1,
        null,
        null,
        1,
        null,
        null,
        1,
        null,
        null,
        1,
        null,
        1,
        null,
        null,
        null,
        null,
        1,
        null,
        null,
        1,
        null,
        null,
        null,
        null
      ],
      "/home/vishal/workspace/web_scraper/config/initializers/application_controller_renderer.rb": [
        null,
        null,
        null,
        null,
        null,
        null,
        null,
        null
      ],
      "/home/vishal/workspace/web_scraper/config/initializers/backtrace_silencers.rb": [
        null,
        null,
        null,
        null,
        null,
        null,
        null
      ],
      "/home/vishal/workspace/web_scraper/config/initializers/cors.rb": [
        null,
        null,
        null,
        null,
        null,
        null,
        null,
        1,
        1,
        1,
        null,
        1,
        null,
        null,
        null,
        null
      ],
      "/home/vishal/workspace/web_scraper/config/initializers/filter_parameter_logging.rb": [
        null,
        null,
        null,
        1
      ],
      "/home/vishal/workspace/web_scraper/config/initializers/inflections.rb": [
        null,
        null,
        null,
        null,
        null,
        null,
        null,
        null,
        null,
        null,
        null,
        null,
        null,
        null,
        null,
        null
      ],
      "/home/vishal/workspace/web_scraper/config/initializers/jsonapi_resources.rb": [
        1,
        null,
        1,
        1,
        1,
        null,
        null,
        1,
        null
      ],
      "/home/vishal/workspace/web_scraper/config/initializers/mime_types.rb": [
        null,
        null,
        null,
        null,
        null,
        1
      ],
      "/home/vishal/workspace/web_scraper/config/initializers/wrap_parameters.rb": [
        null,
        null,
        null,
        null,
        null,
        null,
        1,
        1,
        null,
        null,
        null,
        null,
        null,
        null
      ],
      "/home/vishal/workspace/web_scraper/spec/factories/content.rb": [
        1,
        1,
        1,
        1,
        1,
        null,
        null
      ],
      "/home/vishal/workspace/web_scraper/spec/factories/page.rb": [
        1,
        1,
        1,
        null,
        null
      ],
      "/home/vishal/workspace/web_scraper/config/routes.rb": [
        1,
        null,
        1,
        1,
        1,
        null,
        null,
        null
      ],
      "/home/vishal/workspace/web_scraper/spec/support/request_helpers.rb": [
        1,
        1,
        1,
        0,
        null,
        null,
        null
      ],
      "/home/vishal/workspace/web_scraper/spec/support/factory_bot.rb": [
        1,
        1,
        null
      ],
      "/home/vishal/workspace/web_scraper/spec/validators/url_validator_spec.rb": [
        1,
        null,
        1,
        1,
        1,
        null,
        1,
        null,
        null,
        null,
        1,
        3,
        null,
        2,
        null,
        1,
        1,
        1,
        1,
        null,
        null
      ],
      "/home/vishal/workspace/web_scraper/app/validators/url_validator.rb": [
        1,
        1,
        null,
        1,
        1,
        2,
        2,
        2,
        2,
        null,
        0,
        null,
        0,
        null,
        null,
        2,
        null,
        null
      ]
    },
    "timestamp": 1527258875
  }
}
